{"/Users/abelito/Documents/Take Homes/Eterna_TakeHomeTest/backend/src/app.controller.ts": {"path":"/Users/abelito/Documents/Take Homes/Eterna_TakeHomeTest/backend/src/app.controller.ts","statementMap":{"0":{"start":{"line":1,"column":0},"end":{"line":1,"column":49}},"1":{"start":{"line":2,"column":0},"end":{"line":2,"column":43}},"2":{"start":{"line":5,"column":7},"end":{"line":12,"column":null}},"3":{"start":{"line":6,"column":31},"end":{"line":6,"column":43}},"4":{"start":{"line":10,"column":4},"end":{"line":10,"column":38}},"5":{"start":{"line":5,"column":13},"end":{"line":5,"column":26}},"6":{"start":{"line":9,"column":2},"end":{"line":11,"column":null}},"7":{"start":{"line":5,"column":13},"end":{"line":12,"column":null}}},"fnMap":{"0":{"name":"(anonymous_2)","decl":{"start":{"line":6,"column":2},"end":{"line":6,"column":31}},"loc":{"start":{"line":6,"column":53},"end":{"line":6,"column":57}}},"1":{"name":"(anonymous_3)","decl":{"start":{"line":9,"column":2},"end":{"line":9,"column":10}},"loc":{"start":{"line":9,"column":10},"end":{"line":11,"column":3}}}},"branchMap":{"0":{"loc":{"start":{"line":6,"column":43},"end":{"line":6,"column":56}},"type":"cond-expr","locations":[{"start":{"line":6,"column":53},"end":{"line":6,"column":56}},{"start":{"line":6,"column":53},"end":{"line":6,"column":56}}]},"1":{"loc":{"start":{"line":6,"column":43},"end":{"line":6,"column":53}},"type":"binary-expr","locations":[{"start":{"line":6,"column":43},"end":{"line":6,"column":56}},{"start":{"line":6,"column":43},"end":{"line":6,"column":53}}]}},"s":{"0":0,"1":0,"2":0,"3":0,"4":0,"5":0,"6":0,"7":0},"f":{"0":0,"1":0},"b":{"0":[0,0],"1":[0,0]}}
,"/Users/abelito/Documents/Take Homes/Eterna_TakeHomeTest/backend/src/app.module.ts": {"path":"/Users/abelito/Documents/Take Homes/Eterna_TakeHomeTest/backend/src/app.module.ts","statementMap":{"0":{"start":{"line":1,"column":0},"end":{"line":1,"column":40}},"1":{"start":{"line":2,"column":0},"end":{"line":2,"column":49}},"2":{"start":{"line":3,"column":0},"end":{"line":3,"column":43}},"3":{"start":{"line":4,"column":0},"end":{"line":4,"column":60}},"4":{"start":{"line":11,"column":7},"end":{"line":11,"column":null}},"5":{"start":{"line":11,"column":13},"end":{"line":11,"column":22}},"6":{"start":{"line":11,"column":13},"end":{"line":11,"column":null}}},"fnMap":{},"branchMap":{},"s":{"0":0,"1":0,"2":0,"3":0,"4":0,"5":0,"6":0},"f":{},"b":{}}
,"/Users/abelito/Documents/Take Homes/Eterna_TakeHomeTest/backend/src/app.service.ts": {"path":"/Users/abelito/Documents/Take Homes/Eterna_TakeHomeTest/backend/src/app.service.ts","statementMap":{"0":{"start":{"line":1,"column":0},"end":{"line":1,"column":44}},"1":{"start":{"line":4,"column":7},"end":{"line":8,"column":null}},"2":{"start":{"line":6,"column":4},"end":{"line":6,"column":26}},"3":{"start":{"line":4,"column":13},"end":{"line":4,"column":23}},"4":{"start":{"line":4,"column":13},"end":{"line":8,"column":null}}},"fnMap":{"0":{"name":"(anonymous_1)","decl":{"start":{"line":5,"column":2},"end":{"line":5,"column":10}},"loc":{"start":{"line":5,"column":10},"end":{"line":7,"column":3}}}},"branchMap":{},"s":{"0":0,"1":0,"2":0,"3":0,"4":0},"f":{"0":0},"b":{}}
,"/Users/abelito/Documents/Take Homes/Eterna_TakeHomeTest/backend/src/main.ts": {"path":"/Users/abelito/Documents/Take Homes/Eterna_TakeHomeTest/backend/src/main.ts","statementMap":{"0":{"start":{"line":1,"column":0},"end":{"line":1,"column":43}},"1":{"start":{"line":2,"column":0},"end":{"line":2,"column":41}},"2":{"start":{"line":5,"column":14},"end":{"line":5,"column":49}},"3":{"start":{"line":6,"column":2},"end":{"line":6,"column":45}},"4":{"start":{"line":8,"column":0},"end":{"line":8,"column":12}}},"fnMap":{"0":{"name":"bootstrap","decl":{"start":{"line":4,"column":15},"end":{"line":4,"column":24}},"loc":{"start":{"line":4,"column":24},"end":{"line":7,"column":1}}}},"branchMap":{"0":{"loc":{"start":{"line":6,"column":19},"end":{"line":6,"column":43}},"type":"binary-expr","locations":[{"start":{"line":6,"column":19},"end":{"line":6,"column":35}},{"start":{"line":6,"column":39},"end":{"line":6,"column":43}}]}},"s":{"0":0,"1":0,"2":0,"3":0,"4":0},"f":{"0":0},"b":{"0":[0,0]}}
,"/Users/abelito/Documents/Take Homes/Eterna_TakeHomeTest/backend/src/database/data-source.ts": {"path":"/Users/abelito/Documents/Take Homes/Eterna_TakeHomeTest/backend/src/database/data-source.ts","statementMap":{"0":{"start":{"line":1,"column":0},"end":{"line":1,"column":37}},"1":{"start":{"line":2,"column":0},"end":{"line":2,"column":32}},"2":{"start":{"line":3,"column":0},"end":{"line":3,"column":28}},"3":{"start":{"line":6,"column":0},"end":{"line":6,"column":9}},"4":{"start":{"line":8,"column":13},"end":{"line":19,"column":3}}},"fnMap":{},"branchMap":{"0":{"loc":{"start":{"line":10,"column":8},"end":{"line":10,"column":42}},"type":"binary-expr","locations":[{"start":{"line":10,"column":8},"end":{"line":10,"column":27}},{"start":{"line":10,"column":31},"end":{"line":10,"column":42}}]},"1":{"loc":{"start":{"line":11,"column":17},"end":{"line":11,"column":46}},"type":"binary-expr","locations":[{"start":{"line":11,"column":17},"end":{"line":11,"column":36}},{"start":{"line":11,"column":40},"end":{"line":11,"column":46}}]},"2":{"loc":{"start":{"line":12,"column":12},"end":{"line":12,"column":49}},"type":"binary-expr","locations":[{"start":{"line":12,"column":12},"end":{"line":12,"column":35}},{"start":{"line":12,"column":39},"end":{"line":12,"column":49}}]},"3":{"loc":{"start":{"line":13,"column":12},"end":{"line":13,"column":49}},"type":"binary-expr","locations":[{"start":{"line":13,"column":12},"end":{"line":13,"column":35}},{"start":{"line":13,"column":39},"end":{"line":13,"column":49}}]},"4":{"loc":{"start":{"line":14,"column":12},"end":{"line":14,"column":62}},"type":"binary-expr","locations":[{"start":{"line":14,"column":12},"end":{"line":14,"column":35}},{"start":{"line":14,"column":39},"end":{"line":14,"column":62}}]}},"s":{"0":0,"1":0,"2":0,"3":0,"4":0},"f":{},"b":{"0":[0,0],"1":[0,0],"2":[0,0],"3":[0,0],"4":[0,0]}}
,"/Users/abelito/Documents/Take Homes/Eterna_TakeHomeTest/backend/src/database/database.module.ts": {"path":"/Users/abelito/Documents/Take Homes/Eterna_TakeHomeTest/backend/src/database/database.module.ts","statementMap":{"0":{"start":{"line":1,"column":0},"end":{"line":1,"column":40}},"1":{"start":{"line":2,"column":0},"end":{"line":2,"column":48}},"2":{"start":{"line":3,"column":0},"end":{"line":3,"column":61}},"3":{"start":{"line":40,"column":7},"end":{"line":40,"column":null}},"4":{"start":{"line":40,"column":13},"end":{"line":40,"column":27}},"5":{"start":{"line":40,"column":13},"end":{"line":40,"column":null}},"6":{"start":{"line":13,"column":53},"end":{"line":35,"column":8}}},"fnMap":{"0":{"name":"(anonymous_1)","decl":{"start":{"line":13,"column":18},"end":{"line":13,"column":19}},"loc":{"start":{"line":13,"column":53},"end":{"line":35,"column":8}}}},"branchMap":{},"s":{"0":0,"1":0,"2":0,"3":0,"4":0,"5":0,"6":0},"f":{"0":0},"b":{}}
,"/Users/abelito/Documents/Take Homes/Eterna_TakeHomeTest/backend/src/database/migrations/1704067200000-InitialSchema.ts": {"path":"/Users/abelito/Documents/Take Homes/Eterna_TakeHomeTest/backend/src/database/migrations/1704067200000-InitialSchema.ts","statementMap":{"0":{"start":{"line":4,"column":9},"end":{"line":4,"column":37}},"1":{"start":{"line":8,"column":4},"end":{"line":10,"column":7}},"2":{"start":{"line":12,"column":4},"end":{"line":14,"column":7}},"3":{"start":{"line":16,"column":4},"end":{"line":18,"column":7}},"4":{"start":{"line":20,"column":4},"end":{"line":22,"column":7}},"5":{"start":{"line":25,"column":4},"end":{"line":35,"column":7}},"6":{"start":{"line":38,"column":4},"end":{"line":40,"column":7}},"7":{"start":{"line":43,"column":4},"end":{"line":45,"column":7}},"8":{"start":{"line":48,"column":4},"end":{"line":59,"column":7}},"9":{"start":{"line":62,"column":4},"end":{"line":69,"column":7}},"10":{"start":{"line":72,"column":4},"end":{"line":74,"column":7}},"11":{"start":{"line":77,"column":4},"end":{"line":79,"column":7}},"12":{"start":{"line":82,"column":4},"end":{"line":84,"column":7}},"13":{"start":{"line":87,"column":4},"end":{"line":102,"column":7}},"14":{"start":{"line":105,"column":4},"end":{"line":112,"column":7}},"15":{"start":{"line":115,"column":4},"end":{"line":122,"column":7}},"16":{"start":{"line":125,"column":4},"end":{"line":129,"column":7}},"17":{"start":{"line":132,"column":4},"end":{"line":134,"column":7}},"18":{"start":{"line":136,"column":4},"end":{"line":138,"column":7}},"19":{"start":{"line":140,"column":4},"end":{"line":142,"column":7}},"20":{"start":{"line":144,"column":4},"end":{"line":146,"column":7}},"21":{"start":{"line":148,"column":4},"end":{"line":150,"column":7}},"22":{"start":{"line":152,"column":4},"end":{"line":154,"column":7}},"23":{"start":{"line":157,"column":4},"end":{"line":159,"column":7}},"24":{"start":{"line":162,"column":4},"end":{"line":164,"column":7}},"25":{"start":{"line":169,"column":4},"end":{"line":169,"column":50}},"26":{"start":{"line":170,"column":4},"end":{"line":170,"column":53}},"27":{"start":{"line":171,"column":4},"end":{"line":171,"column":50}},"28":{"start":{"line":174,"column":4},"end":{"line":174,"column":60}},"29":{"start":{"line":175,"column":4},"end":{"line":175,"column":62}},"30":{"start":{"line":176,"column":4},"end":{"line":176,"column":63}},"31":{"start":{"line":177,"column":4},"end":{"line":177,"column":58}},"32":{"start":{"line":3,"column":0},"end":{"line":3,"column":13}}},"fnMap":{"0":{"name":"(anonymous_0)","decl":{"start":{"line":6,"column":9},"end":{"line":6,"column":14}},"loc":{"start":{"line":6,"column":42},"end":{"line":165,"column":3}}},"1":{"name":"(anonymous_1)","decl":{"start":{"line":167,"column":9},"end":{"line":167,"column":14}},"loc":{"start":{"line":167,"column":44},"end":{"line":178,"column":3}}}},"branchMap":{},"s":{"0":0,"1":0,"2":0,"3":0,"4":0,"5":0,"6":0,"7":0,"8":0,"9":0,"10":0,"11":0,"12":0,"13":0,"14":0,"15":0,"16":0,"17":0,"18":0,"19":0,"20":0,"21":0,"22":0,"23":0,"24":0,"25":0,"26":0,"27":0,"28":0,"29":0,"30":0,"31":0,"32":0},"f":{"0":0,"1":0},"b":{}}
,"/Users/abelito/Documents/Take Homes/Eterna_TakeHomeTest/backend/src/database/seeds/seed.ts": {"path":"/Users/abelito/Documents/Take Homes/Eterna_TakeHomeTest/backend/src/database/seeds/seed.ts","statementMap":{"0":{"start":{"line":1,"column":0},"end":{"line":1,"column":47}},"1":{"start":{"line":2,"column":0},"end":{"line":2,"column":66}},"2":{"start":{"line":3,"column":0},"end":{"line":3,"column":80}},"3":{"start":{"line":4,"column":0},"end":{"line":4,"column":82}},"4":{"start":{"line":5,"column":0},"end":{"line":5,"column":33}},"5":{"start":{"line":21,"column":2},"end":{"line":21,"column":49}},"6":{"start":{"line":24,"column":2},"end":{"line":24,"column":35}},"7":{"start":{"line":25,"column":2},"end":{"line":25,"column":51}},"8":{"start":{"line":27,"column":25},"end":{"line":27,"column":58}},"9":{"start":{"line":28,"column":28},"end":{"line":28,"column":64}},"10":{"start":{"line":29,"column":25},"end":{"line":29,"column":58}},"11":{"start":{"line":32,"column":2},"end":{"line":32,"column":46}},"12":{"start":{"line":33,"column":2},"end":{"line":33,"column":34}},"13":{"start":{"line":34,"column":2},"end":{"line":34,"column":37}},"14":{"start":{"line":35,"column":2},"end":{"line":35,"column":34}},"15":{"start":{"line":36,"column":2},"end":{"line":36,"column":41}},"16":{"start":{"line":39,"column":2},"end":{"line":39,"column":38}},"17":{"start":{"line":40,"column":25},"end":{"line":40,"column":61}},"18":{"start":{"line":42,"column":20},"end":{"line":47,"column":4}},"19":{"start":{"line":49,"column":21},"end":{"line":54,"column":4}},"20":{"start":{"line":56,"column":2},"end":{"line":56,"column":53}},"21":{"start":{"line":57,"column":2},"end":{"line":57,"column":76}},"22":{"start":{"line":60,"column":2},"end":{"line":60,"column":41}},"23":{"start":{"line":62,"column":19},"end":{"line":67,"column":4}},"24":{"start":{"line":69,"column":19},"end":{"line":74,"column":4}},"25":{"start":{"line":76,"column":19},"end":{"line":81,"column":4}},"26":{"start":{"line":83,"column":2},"end":{"line":83,"column":63}},"27":{"start":{"line":84,"column":2},"end":{"line":84,"column":92}},"28":{"start":{"line":87,"column":2},"end":{"line":87,"column":38}},"29":{"start":{"line":89,"column":14},"end":{"line":89,"column":24}},"30":{"start":{"line":90,"column":16},"end":{"line":90,"column":74}},"31":{"start":{"line":92,"column":16},"end":{"line":235,"column":4}},"32":{"start":{"line":237,"column":2},"end":{"line":237,"column":35}},"33":{"start":{"line":238,"column":2},"end":{"line":238,"column":97}},"34":{"start":{"line":239,"column":2},"end":{"line":239,"column":78}},"35":{"start":{"line":242,"column":2},"end":{"line":242,"column":39}},"36":{"start":{"line":243,"column":2},"end":{"line":243,"column":59}},"37":{"start":{"line":244,"column":2},"end":{"line":244,"column":65}},"38":{"start":{"line":245,"column":2},"end":{"line":245,"column":59}},"39":{"start":{"line":246,"column":2},"end":{"line":246,"column":63}},"40":{"start":{"line":247,"column":2},"end":{"line":247,"column":40}},"41":{"start":{"line":248,"column":2},"end":{"line":248,"column":59}},"42":{"start":{"line":249,"column":2},"end":{"line":249,"column":61}},"43":{"start":{"line":252,"column":2},"end":{"line":252,"column":32}},"44":{"start":{"line":256,"column":0},"end":{"line":264,"column":5}},"45":{"start":{"line":258,"column":4},"end":{"line":258,"column":46}},"46":{"start":{"line":259,"column":4},"end":{"line":259,"column":20}},"47":{"start":{"line":262,"column":4},"end":{"line":262,"column":54}},"48":{"start":{"line":263,"column":4},"end":{"line":263,"column":20}}},"fnMap":{"0":{"name":"seed","decl":{"start":{"line":20,"column":15},"end":{"line":20,"column":19}},"loc":{"start":{"line":20,"column":19},"end":{"line":253,"column":1}}},"1":{"name":"(anonymous_10)","decl":{"start":{"line":257,"column":8},"end":{"line":257,"column":11}},"loc":{"start":{"line":257,"column":13},"end":{"line":260,"column":3}}},"2":{"name":"(anonymous_11)","decl":{"start":{"line":261,"column":9},"end":{"line":261,"column":10}},"loc":{"start":{"line":261,"column":19},"end":{"line":264,"column":3}}}},"branchMap":{},"s":{"0":0,"1":0,"2":0,"3":0,"4":0,"5":0,"6":0,"7":0,"8":0,"9":0,"10":0,"11":0,"12":0,"13":0,"14":0,"15":0,"16":0,"17":0,"18":0,"19":0,"20":0,"21":0,"22":0,"23":0,"24":0,"25":0,"26":0,"27":0,"28":0,"29":0,"30":0,"31":0,"32":0,"33":0,"34":0,"35":0,"36":0,"37":0,"38":0,"39":0,"40":0,"41":0,"42":0,"43":0,"44":0,"45":0,"46":0,"47":0,"48":0},"f":{"0":0,"1":0,"2":0},"b":{}}
,"/Users/abelito/Documents/Take Homes/Eterna_TakeHomeTest/backend/src/projects/entities/project.entity.ts": {"path":"/Users/abelito/Documents/Take Homes/Eterna_TakeHomeTest/backend/src/projects/entities/project.entity.ts","statementMap":{"0":{"start":{"line":1,"column":0},"end":{"line":1,"column":null}},"1":{"start":{"line":11,"column":0},"end":{"line":11,"column":56}},"2":{"start":{"line":12,"column":0},"end":{"line":12,"column":56}},"3":{"start":{"line":14,"column":0},"end":{"line":14,"column":null}},"4":{"start":{"line":15,"column":2},"end":{"line":15,"column":null}},"5":{"start":{"line":16,"column":2},"end":{"line":16,"column":null}},"6":{"start":{"line":20,"column":7},"end":{"line":52,"column":null}},"7":{"start":{"line":20,"column":13},"end":{"line":20,"column":20}},"8":{"start":{"line":22,"column":2},"end":{"line":22,"column":null}},"9":{"start":{"line":25,"column":2},"end":{"line":25,"column":null}},"10":{"start":{"line":28,"column":2},"end":{"line":28,"column":null}},"11":{"start":{"line":35,"column":2},"end":{"line":35,"column":null}},"12":{"start":{"line":38,"column":2},"end":{"line":38,"column":null}},"13":{"start":{"line":42,"column":2},"end":{"line":42,"column":null}},"14":{"start":{"line":40,"column":19},"end":{"line":40,"column":23}},"15":{"start":{"line":40,"column":35},"end":{"line":40,"column":48}},"16":{"start":{"line":45,"column":2},"end":{"line":45,"column":null}},"17":{"start":{"line":44,"column":19},"end":{"line":44,"column":23}},"18":{"start":{"line":44,"column":35},"end":{"line":44,"column":47}},"19":{"start":{"line":48,"column":2},"end":{"line":48,"column":null}},"20":{"start":{"line":51,"column":2},"end":{"line":51,"column":null}},"21":{"start":{"line":20,"column":13},"end":{"line":52,"column":null}}},"fnMap":{"0":{"name":"(anonymous_2)","decl":{"start":{"line":14,"column":0},"end":{"line":14,"column":12}},"loc":{"start":{"line":14,"column":25},"end":{"line":17,"column":1}}},"1":{"name":"(anonymous_3)","decl":{"start":{"line":40,"column":13},"end":{"line":40,"column":16}},"loc":{"start":{"line":40,"column":19},"end":{"line":40,"column":23}}},"2":{"name":"(anonymous_4)","decl":{"start":{"line":40,"column":25},"end":{"line":40,"column":26}},"loc":{"start":{"line":40,"column":35},"end":{"line":40,"column":48}}},"3":{"name":"(anonymous_5)","decl":{"start":{"line":44,"column":13},"end":{"line":44,"column":16}},"loc":{"start":{"line":44,"column":19},"end":{"line":44,"column":23}}},"4":{"name":"(anonymous_6)","decl":{"start":{"line":44,"column":25},"end":{"line":44,"column":26}},"loc":{"start":{"line":44,"column":35},"end":{"line":44,"column":47}}}},"branchMap":{"0":{"loc":{"start":{"line":14,"column":12},"end":{"line":14,"column":null}},"type":"binary-expr","locations":[{"start":{"line":14,"column":12},"end":{"line":14,"column":25}},{"start":{"line":14,"column":25},"end":{"line":14,"column":null}}]},"1":{"loc":{"start":{"line":42,"column":10},"end":{"line":42,"column":15}},"type":"cond-expr","locations":[{"start":{"line":42,"column":14},"end":{"line":42,"column":15}},{"start":{"line":42,"column":14},"end":{"line":42,"column":15}}]},"2":{"loc":{"start":{"line":42,"column":10},"end":{"line":42,"column":14}},"type":"binary-expr","locations":[{"start":{"line":42,"column":10},"end":{"line":42,"column":15}},{"start":{"line":42,"column":10},"end":{"line":42,"column":14}}]},"3":{"loc":{"start":{"line":48,"column":14},"end":{"line":48,"column":19}},"type":"cond-expr","locations":[{"start":{"line":48,"column":18},"end":{"line":48,"column":19}},{"start":{"line":48,"column":18},"end":{"line":48,"column":19}}]},"4":{"loc":{"start":{"line":48,"column":14},"end":{"line":48,"column":18}},"type":"binary-expr","locations":[{"start":{"line":48,"column":14},"end":{"line":48,"column":19}},{"start":{"line":48,"column":14},"end":{"line":48,"column":18}}]},"5":{"loc":{"start":{"line":51,"column":14},"end":{"line":51,"column":19}},"type":"cond-expr","locations":[{"start":{"line":51,"column":18},"end":{"line":51,"column":19}},{"start":{"line":51,"column":18},"end":{"line":51,"column":19}}]},"6":{"loc":{"start":{"line":51,"column":14},"end":{"line":51,"column":18}},"type":"binary-expr","locations":[{"start":{"line":51,"column":14},"end":{"line":51,"column":19}},{"start":{"line":51,"column":14},"end":{"line":51,"column":18}}]}},"s":{"0":3,"1":3,"2":3,"3":3,"4":3,"5":3,"6":3,"7":3,"8":3,"9":3,"10":3,"11":3,"12":3,"13":3,"14":0,"15":0,"16":3,"17":0,"18":0,"19":3,"20":3,"21":3},"f":{"0":3,"1":0,"2":0,"3":0,"4":0},"b":{"0":[3,3],"1":[2,1],"2":[3,2],"3":[3,0],"4":[3,3],"5":[3,0],"6":[3,3]}}
,"/Users/abelito/Documents/Take Homes/Eterna_TakeHomeTest/backend/src/tasks/entities/task.entity.ts": {"path":"/Users/abelito/Documents/Take Homes/Eterna_TakeHomeTest/backend/src/tasks/entities/task.entity.ts","statementMap":{"0":{"start":{"line":1,"column":0},"end":{"line":1,"column":null}},"1":{"start":{"line":10,"column":0},"end":{"line":10,"column":65}},"2":{"start":{"line":11,"column":0},"end":{"line":11,"column":56}},"3":{"start":{"line":13,"column":0},"end":{"line":13,"column":null}},"4":{"start":{"line":14,"column":2},"end":{"line":14,"column":null}},"5":{"start":{"line":15,"column":2},"end":{"line":15,"column":null}},"6":{"start":{"line":16,"column":2},"end":{"line":16,"column":null}},"7":{"start":{"line":17,"column":2},"end":{"line":17,"column":null}},"8":{"start":{"line":20,"column":0},"end":{"line":20,"column":null}},"9":{"start":{"line":21,"column":2},"end":{"line":21,"column":null}},"10":{"start":{"line":22,"column":2},"end":{"line":22,"column":null}},"11":{"start":{"line":23,"column":2},"end":{"line":23,"column":null}},"12":{"start":{"line":27,"column":7},"end":{"line":75,"column":null}},"13":{"start":{"line":27,"column":13},"end":{"line":27,"column":17}},"14":{"start":{"line":29,"column":2},"end":{"line":29,"column":null}},"15":{"start":{"line":32,"column":2},"end":{"line":32,"column":null}},"16":{"start":{"line":35,"column":2},"end":{"line":35,"column":null}},"17":{"start":{"line":41,"column":2},"end":{"line":41,"column":null}},"18":{"start":{"line":48,"column":2},"end":{"line":48,"column":null}},"19":{"start":{"line":51,"column":2},"end":{"line":51,"column":null}},"20":{"start":{"line":55,"column":2},"end":{"line":55,"column":null}},"21":{"start":{"line":53,"column":19},"end":{"line":53,"column":26}},"22":{"start":{"line":53,"column":41},"end":{"line":53,"column":54}},"23":{"start":{"line":58,"column":2},"end":{"line":58,"column":null}},"24":{"start":{"line":62,"column":2},"end":{"line":62,"column":null}},"25":{"start":{"line":60,"column":19},"end":{"line":60,"column":23}},"26":{"start":{"line":60,"column":35},"end":{"line":60,"column":53}},"27":{"start":{"line":65,"column":2},"end":{"line":65,"column":null}},"28":{"start":{"line":68,"column":2},"end":{"line":68,"column":null}},"29":{"start":{"line":71,"column":2},"end":{"line":71,"column":null}},"30":{"start":{"line":74,"column":2},"end":{"line":74,"column":null}},"31":{"start":{"line":27,"column":13},"end":{"line":75,"column":null}}},"fnMap":{"0":{"name":"(anonymous_2)","decl":{"start":{"line":13,"column":0},"end":{"line":13,"column":12}},"loc":{"start":{"line":13,"column":24},"end":{"line":18,"column":1}}},"1":{"name":"(anonymous_3)","decl":{"start":{"line":20,"column":0},"end":{"line":20,"column":12}},"loc":{"start":{"line":20,"column":22},"end":{"line":24,"column":1}}},"2":{"name":"(anonymous_4)","decl":{"start":{"line":53,"column":13},"end":{"line":53,"column":16}},"loc":{"start":{"line":53,"column":19},"end":{"line":53,"column":26}}},"3":{"name":"(anonymous_5)","decl":{"start":{"line":53,"column":28},"end":{"line":53,"column":29}},"loc":{"start":{"line":53,"column":41},"end":{"line":53,"column":54}}},"4":{"name":"(anonymous_6)","decl":{"start":{"line":60,"column":13},"end":{"line":60,"column":16}},"loc":{"start":{"line":60,"column":19},"end":{"line":60,"column":23}}},"5":{"name":"(anonymous_7)","decl":{"start":{"line":60,"column":25},"end":{"line":60,"column":26}},"loc":{"start":{"line":60,"column":35},"end":{"line":60,"column":53}}}},"branchMap":{"0":{"loc":{"start":{"line":13,"column":12},"end":{"line":13,"column":null}},"type":"binary-expr","locations":[{"start":{"line":13,"column":12},"end":{"line":13,"column":24}},{"start":{"line":13,"column":24},"end":{"line":13,"column":null}}]},"1":{"loc":{"start":{"line":20,"column":12},"end":{"line":20,"column":null}},"type":"binary-expr","locations":[{"start":{"line":20,"column":12},"end":{"line":20,"column":22}},{"start":{"line":20,"column":22},"end":{"line":20,"column":null}}]},"2":{"loc":{"start":{"line":55,"column":12},"end":{"line":55,"column":20}},"type":"cond-expr","locations":[{"start":{"line":55,"column":19},"end":{"line":55,"column":20}},{"start":{"line":55,"column":19},"end":{"line":55,"column":20}}]},"3":{"loc":{"start":{"line":55,"column":12},"end":{"line":55,"column":19}},"type":"binary-expr","locations":[{"start":{"line":55,"column":12},"end":{"line":55,"column":20}},{"start":{"line":55,"column":12},"end":{"line":55,"column":19}}]},"4":{"loc":{"start":{"line":62,"column":13},"end":{"line":62,"column":18}},"type":"cond-expr","locations":[{"start":{"line":62,"column":17},"end":{"line":62,"column":18}},{"start":{"line":62,"column":17},"end":{"line":62,"column":18}}]},"5":{"loc":{"start":{"line":62,"column":13},"end":{"line":62,"column":17}},"type":"binary-expr","locations":[{"start":{"line":62,"column":13},"end":{"line":62,"column":18}},{"start":{"line":62,"column":13},"end":{"line":62,"column":17}}]},"6":{"loc":{"start":{"line":65,"column":19},"end":{"line":65,"column":24}},"type":"cond-expr","locations":[{"start":{"line":65,"column":23},"end":{"line":65,"column":24}},{"start":{"line":65,"column":23},"end":{"line":65,"column":24}}]},"7":{"loc":{"start":{"line":65,"column":19},"end":{"line":65,"column":23}},"type":"binary-expr","locations":[{"start":{"line":65,"column":19},"end":{"line":65,"column":24}},{"start":{"line":65,"column":19},"end":{"line":65,"column":23}}]},"8":{"loc":{"start":{"line":68,"column":17},"end":{"line":68,"column":22}},"type":"cond-expr","locations":[{"start":{"line":68,"column":21},"end":{"line":68,"column":22}},{"start":{"line":68,"column":21},"end":{"line":68,"column":22}}]},"9":{"loc":{"start":{"line":68,"column":17},"end":{"line":68,"column":21}},"type":"binary-expr","locations":[{"start":{"line":68,"column":17},"end":{"line":68,"column":22}},{"start":{"line":68,"column":17},"end":{"line":68,"column":21}}]},"10":{"loc":{"start":{"line":71,"column":14},"end":{"line":71,"column":19}},"type":"cond-expr","locations":[{"start":{"line":71,"column":18},"end":{"line":71,"column":19}},{"start":{"line":71,"column":18},"end":{"line":71,"column":19}}]},"11":{"loc":{"start":{"line":71,"column":14},"end":{"line":71,"column":18}},"type":"binary-expr","locations":[{"start":{"line":71,"column":14},"end":{"line":71,"column":19}},{"start":{"line":71,"column":14},"end":{"line":71,"column":18}}]},"12":{"loc":{"start":{"line":74,"column":14},"end":{"line":74,"column":19}},"type":"cond-expr","locations":[{"start":{"line":74,"column":18},"end":{"line":74,"column":19}},{"start":{"line":74,"column":18},"end":{"line":74,"column":19}}]},"13":{"loc":{"start":{"line":74,"column":14},"end":{"line":74,"column":18}},"type":"binary-expr","locations":[{"start":{"line":74,"column":14},"end":{"line":74,"column":19}},{"start":{"line":74,"column":14},"end":{"line":74,"column":18}}]}},"s":{"0":3,"1":3,"2":3,"3":3,"4":3,"5":3,"6":3,"7":3,"8":3,"9":3,"10":3,"11":3,"12":3,"13":3,"14":3,"15":3,"16":3,"17":3,"18":3,"19":3,"20":3,"21":0,"22":0,"23":3,"24":3,"25":0,"26":0,"27":3,"28":3,"29":3,"30":3,"31":3},"f":{"0":3,"1":3,"2":0,"3":0,"4":0,"5":0},"b":{"0":[3,3],"1":[3,3],"2":[1,2],"3":[3,1],"4":[1,2],"5":[3,1],"6":[3,0],"7":[3,3],"8":[3,0],"9":[3,3],"10":[3,0],"11":[3,3],"12":[3,0],"13":[3,3]}}
,"/Users/abelito/Documents/Take Homes/Eterna_TakeHomeTest/backend/src/users/entities/user.entity.ts": {"path":"/Users/abelito/Documents/Take Homes/Eterna_TakeHomeTest/backend/src/users/entities/user.entity.ts","statementMap":{"0":{"start":{"line":1,"column":0},"end":{"line":1,"column":null}},"1":{"start":{"line":8,"column":0},"end":{"line":8,"column":65}},"2":{"start":{"line":9,"column":0},"end":{"line":9,"column":56}},"3":{"start":{"line":11,"column":0},"end":{"line":11,"column":null}},"4":{"start":{"line":12,"column":2},"end":{"line":12,"column":null}},"5":{"start":{"line":13,"column":2},"end":{"line":13,"column":null}},"6":{"start":{"line":17,"column":7},"end":{"line":45,"column":null}},"7":{"start":{"line":17,"column":13},"end":{"line":17,"column":17}},"8":{"start":{"line":19,"column":2},"end":{"line":19,"column":null}},"9":{"start":{"line":22,"column":2},"end":{"line":22,"column":null}},"10":{"start":{"line":25,"column":2},"end":{"line":25,"column":null}},"11":{"start":{"line":28,"column":2},"end":{"line":28,"column":null}},"12":{"start":{"line":35,"column":2},"end":{"line":35,"column":null}},"13":{"start":{"line":38,"column":2},"end":{"line":38,"column":null}},"14":{"start":{"line":41,"column":2},"end":{"line":41,"column":null}},"15":{"start":{"line":40,"column":19},"end":{"line":40,"column":26}},"16":{"start":{"line":40,"column":41},"end":{"line":40,"column":54}},"17":{"start":{"line":44,"column":2},"end":{"line":44,"column":null}},"18":{"start":{"line":43,"column":19},"end":{"line":43,"column":23}},"19":{"start":{"line":43,"column":35},"end":{"line":43,"column":48}},"20":{"start":{"line":17,"column":13},"end":{"line":45,"column":null}}},"fnMap":{"0":{"name":"(anonymous_2)","decl":{"start":{"line":11,"column":0},"end":{"line":11,"column":12}},"loc":{"start":{"line":11,"column":20},"end":{"line":14,"column":1}}},"1":{"name":"(anonymous_3)","decl":{"start":{"line":40,"column":13},"end":{"line":40,"column":16}},"loc":{"start":{"line":40,"column":19},"end":{"line":40,"column":26}}},"2":{"name":"(anonymous_4)","decl":{"start":{"line":40,"column":28},"end":{"line":40,"column":29}},"loc":{"start":{"line":40,"column":41},"end":{"line":40,"column":54}}},"3":{"name":"(anonymous_5)","decl":{"start":{"line":43,"column":13},"end":{"line":43,"column":16}},"loc":{"start":{"line":43,"column":19},"end":{"line":43,"column":23}}},"4":{"name":"(anonymous_6)","decl":{"start":{"line":43,"column":25},"end":{"line":43,"column":26}},"loc":{"start":{"line":43,"column":35},"end":{"line":43,"column":48}}}},"branchMap":{"0":{"loc":{"start":{"line":11,"column":12},"end":{"line":11,"column":null}},"type":"binary-expr","locations":[{"start":{"line":11,"column":12},"end":{"line":11,"column":20}},{"start":{"line":11,"column":20},"end":{"line":11,"column":null}}]},"1":{"loc":{"start":{"line":38,"column":14},"end":{"line":38,"column":19}},"type":"cond-expr","locations":[{"start":{"line":38,"column":18},"end":{"line":38,"column":19}},{"start":{"line":38,"column":18},"end":{"line":38,"column":19}}]},"2":{"loc":{"start":{"line":38,"column":14},"end":{"line":38,"column":18}},"type":"binary-expr","locations":[{"start":{"line":38,"column":14},"end":{"line":38,"column":19}},{"start":{"line":38,"column":14},"end":{"line":38,"column":18}}]}},"s":{"0":3,"1":3,"2":3,"3":3,"4":3,"5":3,"6":3,"7":3,"8":3,"9":3,"10":3,"11":3,"12":3,"13":3,"14":3,"15":0,"16":0,"17":3,"18":0,"19":0,"20":3},"f":{"0":3,"1":0,"2":0,"3":0,"4":0},"b":{"0":[3,3],"1":[3,0],"2":[3,3]}}
}
