TN:
SF:src/app.controller.ts
FN:6,(anonymous_2)
FN:9,(anonymous_3)
FNF:2
FNH:0
FNDA:0,(anonymous_2)
FNDA:0,(anonymous_3)
DA:1,0
DA:2,0
DA:5,0
DA:6,0
DA:9,0
DA:10,0
LF:6
LH:0
BRDA:6,0,0,0
BRDA:6,0,1,0
BRDA:6,1,0,0
BRDA:6,1,1,0
BRF:4
BRH:0
end_of_record
TN:
SF:src/app.module.ts
FNF:0
FNH:0
DA:1,0
DA:2,0
DA:3,0
DA:4,0
DA:11,0
LF:5
LH:0
BRF:0
BRH:0
end_of_record
TN:
SF:src/app.service.ts
FN:5,(anonymous_1)
FNF:1
FNH:0
FNDA:0,(anonymous_1)
DA:1,0
DA:4,0
DA:6,0
LF:3
LH:0
BRF:0
BRH:0
end_of_record
TN:
SF:src/main.ts
FN:4,bootstrap
FNF:1
FNH:0
FNDA:0,bootstrap
DA:1,0
DA:2,0
DA:5,0
DA:6,0
DA:8,0
LF:5
LH:0
BRDA:6,0,0,0
BRDA:6,0,1,0
BRF:2
BRH:0
end_of_record
TN:
SF:src/database/data-source.ts
FNF:0
FNH:0
DA:1,0
DA:2,0
DA:3,0
DA:6,0
DA:8,0
LF:5
LH:0
BRDA:10,0,0,0
BRDA:10,0,1,0
BRDA:11,1,0,0
BRDA:11,1,1,0
BRDA:12,2,0,0
BRDA:12,2,1,0
BRDA:13,3,0,0
BRDA:13,3,1,0
BRDA:14,4,0,0
BRDA:14,4,1,0
BRF:10
BRH:0
end_of_record
TN:
SF:src/database/database.module.ts
FN:13,(anonymous_1)
FNF:1
FNH:0
FNDA:0,(anonymous_1)
DA:1,0
DA:2,0
DA:3,0
DA:13,0
DA:40,0
LF:5
LH:0
BRF:0
BRH:0
end_of_record
TN:
SF:src/database/migrations/1704067200000-InitialSchema.ts
FN:6,(anonymous_0)
FN:167,(anonymous_1)
FNF:2
FNH:0
FNDA:0,(anonymous_0)
FNDA:0,(anonymous_1)
DA:3,0
DA:4,0
DA:8,0
DA:12,0
DA:16,0
DA:20,0
DA:25,0
DA:38,0
DA:43,0
DA:48,0
DA:62,0
DA:72,0
DA:77,0
DA:82,0
DA:87,0
DA:105,0
DA:115,0
DA:125,0
DA:132,0
DA:136,0
DA:140,0
DA:144,0
DA:148,0
DA:152,0
DA:157,0
DA:162,0
DA:169,0
DA:170,0
DA:171,0
DA:174,0
DA:175,0
DA:176,0
DA:177,0
LF:33
LH:0
BRF:0
BRH:0
end_of_record
TN:
SF:src/database/seeds/seed.ts
FN:20,seed
FN:257,(anonymous_10)
FN:261,(anonymous_11)
FNF:3
FNH:0
FNDA:0,seed
FNDA:0,(anonymous_10)
FNDA:0,(anonymous_11)
DA:1,0
DA:2,0
DA:3,0
DA:4,0
DA:5,0
DA:21,0
DA:24,0
DA:25,0
DA:27,0
DA:28,0
DA:29,0
DA:32,0
DA:33,0
DA:34,0
DA:35,0
DA:36,0
DA:39,0
DA:40,0
DA:42,0
DA:49,0
DA:56,0
DA:57,0
DA:60,0
DA:62,0
DA:69,0
DA:76,0
DA:83,0
DA:84,0
DA:87,0
DA:89,0
DA:90,0
DA:92,0
DA:237,0
DA:238,0
DA:239,0
DA:242,0
DA:243,0
DA:244,0
DA:245,0
DA:246,0
DA:247,0
DA:248,0
DA:249,0
DA:252,0
DA:256,0
DA:258,0
DA:259,0
DA:262,0
DA:263,0
LF:49
LH:0
BRF:0
BRH:0
end_of_record
TN:
SF:src/projects/entities/project.entity.ts
FN:14,(anonymous_2)
FN:40,(anonymous_3)
FN:40,(anonymous_4)
FN:44,(anonymous_5)
FN:44,(anonymous_6)
FNF:5
FNH:1
FNDA:3,(anonymous_2)
FNDA:0,(anonymous_3)
FNDA:0,(anonymous_4)
FNDA:0,(anonymous_5)
FNDA:0,(anonymous_6)
DA:1,3
DA:11,3
DA:12,3
DA:14,3
DA:15,3
DA:16,3
DA:20,3
DA:22,3
DA:25,3
DA:28,3
DA:35,3
DA:38,3
DA:40,0
DA:42,3
DA:44,0
DA:45,3
DA:48,3
DA:51,3
LF:18
LH:16
BRDA:14,0,0,3
BRDA:14,0,1,3
BRDA:42,1,0,2
BRDA:42,1,1,1
BRDA:42,2,0,3
BRDA:42,2,1,2
BRDA:48,3,0,3
BRDA:48,3,1,0
BRDA:48,4,0,3
BRDA:48,4,1,3
BRDA:51,5,0,3
BRDA:51,5,1,0
BRDA:51,6,0,3
BRDA:51,6,1,3
BRF:14
BRH:12
end_of_record
TN:
SF:src/tasks/entities/task.entity.ts
FN:13,(anonymous_2)
FN:20,(anonymous_3)
FN:53,(anonymous_4)
FN:53,(anonymous_5)
FN:60,(anonymous_6)
FN:60,(anonymous_7)
FNF:6
FNH:2
FNDA:3,(anonymous_2)
FNDA:3,(anonymous_3)
FNDA:0,(anonymous_4)
FNDA:0,(anonymous_5)
FNDA:0,(anonymous_6)
FNDA:0,(anonymous_7)
DA:1,3
DA:10,3
DA:11,3
DA:13,3
DA:14,3
DA:15,3
DA:16,3
DA:17,3
DA:20,3
DA:21,3
DA:22,3
DA:23,3
DA:27,3
DA:29,3
DA:32,3
DA:35,3
DA:41,3
DA:48,3
DA:51,3
DA:53,0
DA:55,3
DA:58,3
DA:60,0
DA:62,3
DA:65,3
DA:68,3
DA:71,3
DA:74,3
LF:28
LH:26
BRDA:13,0,0,3
BRDA:13,0,1,3
BRDA:20,1,0,3
BRDA:20,1,1,3
BRDA:55,2,0,1
BRDA:55,2,1,2
BRDA:55,3,0,3
BRDA:55,3,1,1
BRDA:62,4,0,1
BRDA:62,4,1,2
BRDA:62,5,0,3
BRDA:62,5,1,1
BRDA:65,6,0,3
BRDA:65,6,1,0
BRDA:65,7,0,3
BRDA:65,7,1,3
BRDA:68,8,0,3
BRDA:68,8,1,0
BRDA:68,9,0,3
BRDA:68,9,1,3
BRDA:71,10,0,3
BRDA:71,10,1,0
BRDA:71,11,0,3
BRDA:71,11,1,3
BRDA:74,12,0,3
BRDA:74,12,1,0
BRDA:74,13,0,3
BRDA:74,13,1,3
BRF:28
BRH:24
end_of_record
TN:
SF:src/users/entities/user.entity.ts
FN:11,(anonymous_2)
FN:40,(anonymous_3)
FN:40,(anonymous_4)
FN:43,(anonymous_5)
FN:43,(anonymous_6)
FNF:5
FNH:1
FNDA:3,(anonymous_2)
FNDA:0,(anonymous_3)
FNDA:0,(anonymous_4)
FNDA:0,(anonymous_5)
FNDA:0,(anonymous_6)
DA:1,3
DA:8,3
DA:9,3
DA:11,3
DA:12,3
DA:13,3
DA:17,3
DA:19,3
DA:22,3
DA:25,3
DA:28,3
DA:35,3
DA:38,3
DA:40,0
DA:41,3
DA:43,0
DA:44,3
LF:17
LH:15
BRDA:11,0,0,3
BRDA:11,0,1,3
BRDA:38,1,0,3
BRDA:38,1,1,0
BRDA:38,2,0,3
BRDA:38,2,1,3
BRF:6
BRH:5
end_of_record
